mode: set
sosmedapps/features/contents/services/service.go:16.59,20.2 1 1
sosmedapps/features/contents/services/service.go:23.158,27.26 2 1
sosmedapps/features/contents/services/service.go:49.2,50.16 2 1
sosmedapps/features/contents/services/service.go:54.2,54.17 1 1
sosmedapps/features/contents/services/service.go:27.26,28.31 1 0
sosmedapps/features/contents/services/service.go:32.3,33.17 2 0
sosmedapps/features/contents/services/service.go:37.3,37.33 1 0
sosmedapps/features/contents/services/service.go:40.3,43.17 4 0
sosmedapps/features/contents/services/service.go:46.3,46.38 1 0
sosmedapps/features/contents/services/service.go:28.31,30.4 1 0
sosmedapps/features/contents/services/service.go:33.17,35.4 1 0
sosmedapps/features/contents/services/service.go:37.33,39.4 1 0
sosmedapps/features/contents/services/service.go:43.17,45.4 1 0
sosmedapps/features/contents/services/service.go:50.16,53.3 2 1
sosmedapps/features/contents/services/service.go:58.77,60.16 2 1
sosmedapps/features/contents/services/service.go:64.2,64.17 1 1
sosmedapps/features/contents/services/service.go:60.16,63.3 2 1
sosmedapps/features/contents/services/service.go:68.83,70.16 2 0
sosmedapps/features/contents/services/service.go:74.2,74.17 1 0
sosmedapps/features/contents/services/service.go:70.16,73.3 2 0
sosmedapps/features/contents/services/service.go:78.113,81.16 3 1
sosmedapps/features/contents/services/service.go:87.2,87.17 1 1
sosmedapps/features/contents/services/service.go:81.16,82.46 1 0
sosmedapps/features/contents/services/service.go:85.3,85.49 1 0
sosmedapps/features/contents/services/service.go:82.46,84.4 1 0
sosmedapps/features/contents/services/service.go:91.87,94.16 3 1
sosmedapps/features/contents/services/service.go:101.2,101.12 1 1
sosmedapps/features/contents/services/service.go:94.16,96.46 2 1
sosmedapps/features/contents/services/service.go:99.3,99.36 1 1
sosmedapps/features/contents/services/service.go:96.46,98.4 1 1
sosmedapps/features/comment/services/service.go:15.57,19.2 1 1
sosmedapps/features/comment/services/service.go:22.119,25.16 3 1
sosmedapps/features/comment/services/service.go:29.2,29.17 1 1
sosmedapps/features/comment/services/service.go:25.16,28.3 2 1
sosmedapps/features/comment/services/service.go:33.80,36.16 3 1
sosmedapps/features/comment/services/service.go:43.2,43.12 1 1
sosmedapps/features/comment/services/service.go:36.16,38.46 2 1
sosmedapps/features/comment/services/service.go:41.3,41.36 1 1
sosmedapps/features/comment/services/service.go:38.46,40.4 1 1
sosmedapps/features/user/services/service.go:20.45,24.2 1 1
sosmedapps/features/user/services/service.go:27.76,30.99 2 1
sosmedapps/features/user/services/service.go:33.2,33.16 1 1
sosmedapps/features/user/services/service.go:36.2,38.16 3 1
sosmedapps/features/user/services/service.go:48.2,48.17 1 1
sosmedapps/features/user/services/service.go:30.99,32.3 1 1
sosmedapps/features/user/services/service.go:33.16,35.3 1 0
sosmedapps/features/user/services/service.go:38.16,40.56 2 1
sosmedapps/features/user/services/service.go:40.56,42.4 1 0
sosmedapps/features/user/services/service.go:42.9,42.66 1 1
sosmedapps/features/user/services/service.go:42.66,44.4 1 0
sosmedapps/features/user/services/service.go:44.9,46.4 1 1
sosmedapps/features/user/services/service.go:52.96,54.38 1 1
sosmedapps/features/user/services/service.go:57.2,58.16 2 1
sosmedapps/features/user/services/service.go:63.2,64.16 2 1
sosmedapps/features/user/services/service.go:68.2,69.27 2 1
sosmedapps/features/user/services/service.go:54.38,56.3 1 0
sosmedapps/features/user/services/service.go:58.16,61.3 2 1
sosmedapps/features/user/services/service.go:64.16,67.3 2 1
sosmedapps/features/user/services/service.go:73.133,75.13 2 1
sosmedapps/features/user/services/service.go:79.2,79.31 1 1
sosmedapps/features/user/services/service.go:86.2,86.26 1 1
sosmedapps/features/user/services/service.go:103.2,103.30 1 0
sosmedapps/features/user/services/service.go:107.2,108.16 2 0
sosmedapps/features/user/services/service.go:112.2,112.32 1 0
sosmedapps/features/user/services/service.go:115.2,118.16 4 0
sosmedapps/features/user/services/service.go:121.2,125.16 3 0
sosmedapps/features/user/services/service.go:136.2,136.17 1 0
sosmedapps/features/user/services/service.go:75.13,77.3 1 0
sosmedapps/features/user/services/service.go:79.31,81.17 2 0
sosmedapps/features/user/services/service.go:84.3,84.40 1 0
sosmedapps/features/user/services/service.go:81.17,83.4 1 0
sosmedapps/features/user/services/service.go:86.26,88.17 2 1
sosmedapps/features/user/services/service.go:99.3,99.18 1 1
sosmedapps/features/user/services/service.go:88.17,90.57 2 1
sosmedapps/features/user/services/service.go:90.57,92.5 1 0
sosmedapps/features/user/services/service.go:92.10,92.67 1 1
sosmedapps/features/user/services/service.go:92.67,94.5 1 0
sosmedapps/features/user/services/service.go:94.10,96.5 1 1
sosmedapps/features/user/services/service.go:103.30,105.3 1 0
sosmedapps/features/user/services/service.go:108.16,110.3 1 0
sosmedapps/features/user/services/service.go:112.32,114.3 1 0
sosmedapps/features/user/services/service.go:118.16,120.3 1 0
sosmedapps/features/user/services/service.go:125.16,127.56 2 0
sosmedapps/features/user/services/service.go:127.56,129.4 1 0
sosmedapps/features/user/services/service.go:129.9,129.66 1 0
sosmedapps/features/user/services/service.go:129.66,131.4 1 0
sosmedapps/features/user/services/service.go:131.9,133.4 1 0
sosmedapps/features/user/services/service.go:140.81,143.16 3 1
sosmedapps/features/user/services/service.go:147.2,147.17 1 1
sosmedapps/features/user/services/service.go:143.16,146.3 2 1
sosmedapps/features/user/services/service.go:151.65,153.13 2 1
sosmedapps/features/user/services/service.go:156.2,157.16 2 1
sosmedapps/features/user/services/service.go:161.2,161.12 1 1
sosmedapps/features/user/services/service.go:153.13,155.3 1 1
sosmedapps/features/user/services/service.go:157.16,160.3 2 1
sosmedapps/features/user/services/service.go:165.74,167.16 2 1
sosmedapps/features/user/services/service.go:171.2,171.17 1 1
sosmedapps/features/user/services/service.go:167.16,170.3 2 1
sosmedapps/features/user/services/service.go:175.59,184.16 4 1
sosmedapps/features/user/services/service.go:188.2,189.25 2 1
sosmedapps/features/user/services/service.go:184.16,187.3 2 0
